CRON at_reboot ATTEMPTED @ Sun Jul  2 11:26:20 IST 2017 ˥
Download ATTEMPTED @ Sun Jul  2 11:26:56 IST 2017 
-i cyclist.txt @ /home/swaayatt/Documents/DataSets/DataForSelfDrivingCar/PedestrianDetection/Daimler/cyclistDetection
CRON at_reboot COMPLETED @ Sun Jul  2 11:26:56 IST 2017 ˩
CRON at_reboot ATTEMPTED @ Sun Jul  2 11:30:13 IST 2017 ˥
Download ATTEMPTED @ Sun Jul  2 11:30:34 IST 2017 
'-i cyclist.txt' @ /home/swaayatt/Documents/DataSets/DataForSelfDrivingCar/PedestrianDetection/Daimler/cyclistDetection
CRON at_reboot COMPLETED @ Sun Jul  2 11:30:34 IST 2017 ˩
CRON at_reboot ATTEMPTED @ Sun Jul  2 11:32:43 IST 2017 ˥
Download ATTEMPTED @ Sun Jul  2 11:32:51 IST 2017 
-i cyclist.txt @ /home/swaayatt/Documents/DataSets/DataForSelfDrivingCar/PedestrianDetection/Daimler/cyclistDetection
CRON at_reboot COMPLETED @ Sun Jul  2 11:32:51 IST 2017 ˩
CRON at_reboot ATTEMPTED @ Sun Jul  2 11:34:36 IST 2017 ˥
Download ATTEMPTED @ Sun Jul  2 11:34:45 IST 2017 
\'-i cyclist.txt\' @ /home/swaayatt/Documents/DataSets/DataForSelfDrivingCar/PedestrianDetection/Daimler/cyclistDetection
CRON at_reboot COMPLETED @ Sun Jul  2 11:34:45 IST 2017 ˩
CRON at_reboot ATTEMPTED @ Sun Jul  2 11:37:26 IST 2017 ˥
Download ATTEMPTED @ Sun Jul  2 11:37:31 IST 2017 
 @ /home/swaayatt/Documents/DataSets/DataForSelfDrivingCar/PedestrianDetection/Daimler/cyclistDetection
CRON at_reboot COMPLETED @ Sun Jul  2 11:37:31 IST 2017 ˩
CRON at_reboot ATTEMPTED @ Sun Jul  2 11:38:34 IST 2017 ˥
Download ATTEMPTED @ Sun Jul  2 11:38:39 IST 2017 
 @ /home/swaayatt/Documents/DataSets/DataForSelfDrivingCar/PedestrianDetection/Daimler/cyclistDetection
CRON at_reboot COMPLETED @ Sun Jul  2 11:38:39 IST 2017 ˩
CRON at_reboot ATTEMPTED @ Sun Jul  2 11:42:48 IST 2017 ˥
Download ATTEMPTED @ Sun Jul  2 11:42:48 IST 2017 
 @ /home/swaayatt/Documents/DataSets/DataForSelfDrivingCar/PedestrianDetection/Daimler/cyclistDetection
CRON at_reboot COMPLETED @ Sun Jul  2 11:42:48 IST 2017 ˩
CRON at_reboot ATTEMPTED @ Sun Jul  2 11:45:36 IST 2017 ˥
Download ATTEMPTED @ Sun Jul  2 11:45:36 IST 2017 
'-i cyclist.txt' @ /home/swaayatt/Documents/DataSets/DataForSelfDrivingCar/PedestrianDetection/Daimler/cyclistDetection
CRON at_reboot COMPLETED @ Sun Jul  2 11:45:36 IST 2017 ˩
CRON at_reboot ATTEMPTED @ Sun Jul  2 13:36:33 IST 2017 ˥
CRON Download ATTEMPTED @ Sun Jul  2 13:36:33 IST 2017 
cyclist.txt @ /home/swaayatt/Documents/DataSets/DataForSelfDrivingCar/PedestrianDetection/Daimler/cyclistDetection
CRON at_reboot COMPLETED @ Sun Jul  2 13:36:33 IST 2017 ˩
CRON at_reboot ATTEMPTED @ Sun Jul  2 13:44:59 IST 2017 ˥
CRON Download ATTEMPTED @ Sun Jul  2 13:45:11 IST 2017 
cyclist.txt @ /home/swaayatt/Documents/DataSets/DataForSelfDrivingCar/PedestrianDetection/Daimler/cyclistDetection
CRON at_reboot COMPLETED @ Sun Jul  2 13:45:11 IST 2017 ˩
CRON at_reboot ATTEMPTED @ Sun Jul  2 13:48:42 IST 2017 ˥
CRON Download ATTEMPTED @ Sun Jul  2 13:48:59 IST 2017 
cyclist.txt @ /home/swaayatt/Documents/DataSets/DataForSelfDrivingCar/PedestrianDetection/Daimler/cyclistDetection
CRON at_reboot COMPLETED @ Sun Jul  2 13:48:59 IST 2017 ˩
CRON at_reboot ATTEMPTED @ Sun Jul  2 13:52:24 IST 2017 ˥
CRON Download ATTEMPTED @ Sun Jul  2 13:52:38 IST 2017 
cyclist.txt @ /home/swaayatt/Documents/DataSets/DataForSelfDrivingCar/PedestrianDetection/Daimler/cyclistDetection
CRON at_reboot COMPLETED @ Sun Jul  2 13:52:38 IST 2017 ˩
CRON at_reboot ATTEMPTED @ Sun Jul  2 13:58:07 IST 2017 ˥
CRON Download ATTEMPTED @ Sun Jul  2 13:58:20 IST 2017 
cyclist.txt @ /home/swaayatt/Documents/DataSets/DataForSelfDrivingCar/PedestrianDetection/Daimler/cyclistDetection
CRON at_reboot COMPLETED @ Sun Jul  2 13:58:20 IST 2017 ˩
CRON at_reboot ATTEMPTED @ Sun Jul  2 14:02:17 IST 2017 ˥
CRON Download ATTEMPTED @ Sun Jul  2 14:02:36 IST 2017 
cyclist.txt @ /home/swaayatt/Documents/DataSets/DataForSelfDrivingCar/PedestrianDetection/Daimler/cyclistDetection
CRON at_reboot COMPLETED @ Sun Jul  2 14:02:36 IST 2017 ˩
CRON at_reboot ATTEMPTED @ Sun Jul  2 14:05:38 IST 2017 ˥
CRON Download ATTEMPTED @ Sun Jul  2 14:05:48 IST 2017 
cyclist.txt @ /home/swaayatt/Documents/DataSets/DataForSelfDrivingCar/PedestrianDetection/Daimler/cyclistDetection
CRON at_reboot COMPLETED @ Sun Jul  2 14:05:48 IST 2017 ˩
CRON at_reboot ATTEMPTED @ Sun Jul  2 18:00:02 IST 2017 ˥
CRON Download ATTEMPTED @ Sun Jul  2 18:02:02 IST 2017 
cyclist.txt @ /home/swaayatt/Documents/DataSets/DataForSelfDrivingCar/PedestrianDetection/Daimler/cyclistDetection
CRON at_reboot COMPLETED @ Sun Jul  2 18:02:02 IST 2017 ˩
CRON at_reboot ATTEMPTED @ Sun Jul  2 18:53:59 IST 2017 ˥
CRON Download ATTEMPTED @ Sun Jul  2 18:55:06 IST 2017 
cyclist.txt @ /home/swaayatt/Documents/DataSets/DataForSelfDrivingCar/PedestrianDetection/Daimler/cyclistDetection
CRON at_reboot COMPLETED @ Sun Jul  2 18:55:06 IST 2017 ˩
CRON at_reboot ATTEMPTED @ Sun Jul  2 19:02:40 IST 2017 ˥
CRON Download ATTEMPTED @ Sun Jul  2 19:04:40 IST 2017 
cyclist.txt @ /home/swaayatt/Documents/DataSets/DataForSelfDrivingCar/PedestrianDetection/Daimler/cyclistDetection
CRON at_reboot COMPLETED @ Sun Jul  2 19:04:40 IST 2017 ˩
CRON at_reboot ATTEMPTED @ Sun Jul  2 23:34:53 IST 2017 ˥
CRON Download ATTEMPTED @ Sun Jul  2 23:36:53 IST 2017 
cyclist.txt @ /home/swaayatt/Documents/DataSets/DataForSelfDrivingCar/PedestrianDetection/Daimler/cyclistDetection
CRON at_reboot COMPLETED @ Sun Jul  2 23:36:53 IST 2017 ˩
