Download ATTEMPTED @ Sun Jul  2 13:29:40 IST 2017 ˥ 
http://localhost/swaayatt/ae1.py -P /fjalj/fakj -nv
Download COMPLETED @ Sun Jul  2 13:29:40 IST 2017 ˩ : 3 
http://localhost/swaayatt/ae1.py -P /fjalj/fakj -nv
#Output Directory Does not exist "" 
Download ATTEMPTED @ Sun Jul  2 13:30:04 IST 2017 ˥ 
http://localhost/swaayatt/ae1.py -P /fjalj/fakj -nv
Download COMPLETED @ Sun Jul  2 13:30:04 IST 2017 ˩ : 3 
http://localhost/swaayatt/ae1.py -P /fjalj/fakj -nv
#Output Directory Does not exist "" 
Download ATTEMPTED @ Sun Jul  2 13:31:58 IST 2017 ˥ 
http://localhost/swaayatt/ae1.py -P /fjalj/fakj -nv
Download COMPLETED @ Sun Jul  2 13:31:58 IST 2017 ˩ : 3 
http://localhost/swaayatt/ae1.py -P /fjalj/fakj -nv
#Output Directory Does not exist 
Download ATTEMPTED @ Sun Jul  2 13:32:01 IST 2017 ˥ 
http://localhost/swaayatt/ae1.py -P /fjalj/fakj -nv
Download COMPLETED @ Sun Jul  2 13:32:01 IST 2017 ˩ : 3 
http://localhost/swaayatt/ae1.py -P /fjalj/fakj -nv
#Output Directory Does not exist 
Download ATTEMPTED @ Sun Jul  2 13:33:13 IST 2017 ˥ 
http://localhost/swaayatt/ae1.py -P /fjalj/fakj -nv
Download COMPLETED @ Sun Jul  2 13:33:13 IST 2017 ˩ : 3 
http://localhost/swaayatt/ae1.py -P /fjalj/fakj -nv
#Output Directory Does not exist 
Download ATTEMPTED @ Sun Jul  2 13:35:29 IST 2017 ˥ 
http://localhost/swaayatt/ae1.py -P /fjalj/fakj -nv
#Output Directory Does not exist 
Download COMPLETED @ Sun Jul  2 13:35:29 IST 2017 ˩ : 3 
http://localhost/swaayatt/ae1.py -P /fjalj/fakj -nv
Download ATTEMPTED @ Sun Jul  2 13:35:57 IST 2017 ˥ 
http://localhost/swaayatt/ae1.py -P /fjalj/fakj
#Output Directory Does not exist 
Download COMPLETED @ Sun Jul  2 13:35:57 IST 2017 ˩ : 3 
http://localhost/swaayatt/ae1.py -P /fjalj/fakj
Download ATTEMPTED @ Sun Jul  2 13:36:33 IST 2017 ˥ 
-nv -P /home/swaayatt/Documents/DataSets/DataForSelfDrivingCar/PedestrianDetection/Daimler/cyclistDetection -i cyclist.txt
Download COMPLETED @ Sun Jul  2 13:41:15 IST 2017 ˩ : 143 
-nv -P /home/swaayatt/Documents/DataSets/DataForSelfDrivingCar/PedestrianDetection/Daimler/cyclistDetection -i cyclist.txt
Download ATTEMPTED @ Sun Jul  2 13:41:24 IST 2017 ˥ 
-nv
Download COMPLETED @ Sun Jul  2 13:41:24 IST 2017 ˩ : 1 
-nv
Download ATTEMPTED @ Sun Jul  2 13:41:42 IST 2017 ˥ 
-nv
Download COMPLETED @ Sun Jul  2 13:41:42 IST 2017 ˩ : 1 
-nv
Download ATTEMPTED @ Sun Jul  2 13:45:11 IST 2017 ˥ 
-nv -P /home/swaayatt/Documents/DataSets/DataForSelfDrivingCar/PedestrianDetection/Daimler/cyclistDetection -i cyclist.txt
Download COMPLETED @ Sun Jul  2 13:47:27 IST 2017 ˩ : 143 
-nv -P /home/swaayatt/Documents/DataSets/DataForSelfDrivingCar/PedestrianDetection/Daimler/cyclistDetection -i cyclist.txt
Download ATTEMPTED @ Sun Jul  2 13:47:53 IST 2017 ˥ 
-nv
Download COMPLETED @ Sun Jul  2 13:47:53 IST 2017 ˩ : 1 
-nv
Download ATTEMPTED @ Sun Jul  2 13:48:59 IST 2017 ˥ 
-nv -P /home/swaayatt/Documents/DataSets/DataForSelfDrivingCar/PedestrianDetection/Daimler/cyclistDetection -i cyclist.txt
Download COMPLETED @ Sun Jul  2 13:50:32 IST 2017 ˩ : 143 
-nv -P /home/swaayatt/Documents/DataSets/DataForSelfDrivingCar/PedestrianDetection/Daimler/cyclistDetection -i cyclist.txt
Download ATTEMPTED @ Sun Jul  2 13:50:59 IST 2017 ˥ 
-nv
Download COMPLETED @ Sun Jul  2 13:50:59 IST 2017 ˩ : 1 
-nv
Download ATTEMPTED @ Sun Jul  2 13:51:39 IST 2017 ˥ 
-nv
Download COMPLETED @ Sun Jul  2 13:51:39 IST 2017 ˩ : 1 
-nv
Download ATTEMPTED @ Sun Jul  2 13:52:38 IST 2017 ˥ 
-nv -P /home/swaayatt/Documents/DataSets/DataForSelfDrivingCar/PedestrianDetection/Daimler/cyclistDetection -i cyclist.txt
Download COMPLETED @ Sun Jul  2 13:53:12 IST 2017 ˩ : 143 
-nv -P /home/swaayatt/Documents/DataSets/DataForSelfDrivingCar/PedestrianDetection/Daimler/cyclistDetection -i cyclist.txt
Download ATTEMPTED @ Sun Jul  2 13:54:12 IST 2017 ˥ 
-nv
Download COMPLETED @ Sun Jul  2 13:54:12 IST 2017 ˩ : 1 
-nv
Download ATTEMPTED @ Sun Jul  2 13:55:12 IST 2017 ˥ 
-nv
Download COMPLETED @ Sun Jul  2 13:55:12 IST 2017 ˩ : 1 
-nv
Download ATTEMPTED @ Sun Jul  2 13:56:12 IST 2017 ˥ 
-nv
Download COMPLETED @ Sun Jul  2 13:56:12 IST 2017 ˩ : 1 
-nv
Download ATTEMPTED @ Sun Jul  2 13:57:12 IST 2017 ˥ 
-nv
Download COMPLETED @ Sun Jul  2 13:57:12 IST 2017 ˩ : 1 
-nv
Download ATTEMPTED @ Sun Jul  2 13:58:20 IST 2017 ˥ 
-P /home/swaayatt/Documents/DataSets/DataForSelfDrivingCar/PedestrianDetection/Daimler/cyclistDetection -i cyclist.txt
Download COMPLETED @ Sun Jul  2 13:58:32 IST 2017 ˩ : 143 
-P /home/swaayatt/Documents/DataSets/DataForSelfDrivingCar/PedestrianDetection/Daimler/cyclistDetection -i cyclist.txt
Download ATTEMPTED @ Sun Jul  2 13:59:32 IST 2017 ˥ 
-P
Download COMPLETED @ Sun Jul  2 13:59:32 IST 2017 ˩ : 2 
-P
Download ATTEMPTED @ Sun Jul  2 14:00:33 IST 2017 ˥ 
-P
Download COMPLETED @ Sun Jul  2 14:00:33 IST 2017 ˩ : 2 
-P
Download ATTEMPTED @ Sun Jul  2 14:01:33 IST 2017 ˥ 
-P
Download COMPLETED @ Sun Jul  2 14:01:33 IST 2017 ˩ : 2 
-P
Download ATTEMPTED @ Sun Jul  2 14:02:36 IST 2017 ˥ 
-P /home/swaayatt/Documents/DataSets/DataForSelfDrivingCar/PedestrianDetection/Daimler/cyclistDetection -i cyclist.txt
Download COMPLETED @ Sun Jul  2 14:03:36 IST 2017 ˩ : 143 
-P /home/swaayatt/Documents/DataSets/DataForSelfDrivingCar/PedestrianDetection/Daimler/cyclistDetection -i cyclist.txt
Download ATTEMPTED @ Sun Jul  2 14:03:36 IST 2017 ˥ 
-P /home/swaayatt/Documents/DataSets/DataForSelfDrivingCar/PedestrianDetection/Daimler/cyclistDetection -i cyclist.txt
Download COMPLETED @ Sun Jul  2 14:04:30 IST 2017 ˩ : 143 
-P /home/swaayatt/Documents/DataSets/DataForSelfDrivingCar/PedestrianDetection/Daimler/cyclistDetection -i cyclist.txt
Download ATTEMPTED @ Sun Jul  2 14:04:30 IST 2017 ˥ 
-P /home/swaayatt/Documents/DataSets/DataForSelfDrivingCar/PedestrianDetection/Daimler/cyclistDetection -i cyclist.txt
Download ATTEMPTED @ Sun Jul  2 14:05:48 IST 2017 ˥ 
-nv -P /home/swaayatt/Documents/DataSets/DataForSelfDrivingCar/PedestrianDetection/Daimler/cyclistDetection -i cyclist.txt
Download COMPLETED @ Sun Jul  2 14:06:29 IST 2017 ˩ : 143 
-nv -P /home/swaayatt/Documents/DataSets/DataForSelfDrivingCar/PedestrianDetection/Daimler/cyclistDetection -i cyclist.txt
Download ATTEMPTED @ Sun Jul  2 14:06:29 IST 2017 ˥ 
-nv -P /home/swaayatt/Documents/DataSets/DataForSelfDrivingCar/PedestrianDetection/Daimler/cyclistDetection -i cyclist.txt
Download ATTEMPTED @ Sun Jul  2 18:02:02 IST 2017 ˥ 
-nv -P /home/swaayatt/Documents/DataSets/DataForSelfDrivingCar/PedestrianDetection/Daimler/cyclistDetection -i cyclist.txt
Download COMPLETED @ Sun Jul  2 18:02:02 IST 2017 ˩ : 0 
-nv -P /home/swaayatt/Documents/DataSets/DataForSelfDrivingCar/PedestrianDetection/Daimler/cyclistDetection -i cyclist.txt
Download ATTEMPTED @ Sun Jul  2 18:50:47 IST 2017 ˥ 
-P /home/swaayatt/Documents/DataSets/DataForSelfDrivingCar/PedestrianDetection/Daimler/cyclistDetection -i /home/swaayatt/Documents/DataSets/DataForSelfDrivingCar/PedestrianDetection/Daimler/cyclistDetection
Download COMPLETED @ Sun Jul  2 18:50:47 IST 2017 ˩ : 0 
-P /home/swaayatt/Documents/DataSets/DataForSelfDrivingCar/PedestrianDetection/Daimler/cyclistDetection -i /home/swaayatt/Documents/DataSets/DataForSelfDrivingCar/PedestrianDetection/Daimler/cyclistDetection
Download ATTEMPTED @ Sun Jul  2 18:51:41 IST 2017 ˥ 
-P /home/swaayatt/Documents/DataSets/DataForSelfDrivingCar/PedestrianDetection/Daimler/cyclistDetection -i cyclist.txt
Download ATTEMPTED @ Sun Jul  2 18:55:06 IST 2017 ˥ 
-P /home/swaayatt/Documents/DataSets/DataForSelfDrivingCar/PedestrianDetection/Daimler/cyclistDetection -i cyclist.txt
Download ATTEMPTED @ Sun Jul  2 19:04:40 IST 2017 ˥ 
-nv -P /home/swaayatt/Documents/DataSets/DataForSelfDrivingCar/PedestrianDetection/Daimler/cyclistDetection -i cyclist.txt
Download COMPLETED @ Sun Jul  2 19:04:40 IST 2017 ˩ : 0 
-nv -P /home/swaayatt/Documents/DataSets/DataForSelfDrivingCar/PedestrianDetection/Daimler/cyclistDetection -i cyclist.txt
Download ATTEMPTED @ Sun Jul  2 23:36:53 IST 2017 ˥ 
-nv -P /home/swaayatt/Documents/DataSets/DataForSelfDrivingCar/PedestrianDetection/Daimler/cyclistDetection -i cyclist.txt
cyclist.txt: No such file or directory
No URLs found in cyclist.txt.
Download COMPLETED @ Sun Jul  2 23:36:53 IST 2017 ˩ : 0 
-nv -P /home/swaayatt/Documents/DataSets/DataForSelfDrivingCar/PedestrianDetection/Daimler/cyclistDetection -i cyclist.txt
